<?xml version="1.0" encoding="UTF-8"?>
<!-- Generated by org.testng.reporters.JUnitReportReporter -->
<testsuite hostname="DESKTOP-OOIC766" failures="0" tests="1" name="testng.Justdialpgm" time="32.365" errors="0" timestamp="2023-10-23T16:29:58 IST" skipped="0">
  <testcase classname="testng.Justdialpgm" name="test1" time="32.365"/>
  <system-out/>
</testsuite> <!-- testng.Justdialpgm -->
