<?xml version="1.0" encoding="UTF-8"?>
<!-- Generated by org.testng.reporters.JUnitReportReporter -->
<testsuite hostname="DESKTOP-OOIC766" failures="0" tests="1" name="testng.Fileuploadpgm" time="4.874" errors="0" timestamp="2023-10-16T15:17:29 IST" skipped="0">
  <testcase classname="testng.Fileuploadpgm" name="uploadfile" time="4.874"/>
  <system-out/>
</testsuite> <!-- testng.Fileuploadpgm -->
