<?xml version="1.0" encoding="UTF-8"?>
<!-- Generated by org.testng.reporters.JUnitReportReporter -->
<testsuite hostname="DESKTOP-OOIC766" failures="0" tests="1" name="testng.Demogurupgm" time="6.907" errors="0" timestamp="2023-10-15T17:53:29 IST" skipped="0">
  <testcase classname="testng.Demogurupgm" name="test1" time="6.907"/>
  <system-out/>
</testsuite> <!-- testng.Demogurupgm -->
