<?xml version="1.0" encoding="UTF-8"?>
<!-- Generated by org.testng.reporters.JUnitReportReporter -->
<testsuite hostname="DESKTOP-OOIC766" failures="0" tests="1" name="testng.Copypaste" time="4.543" errors="0" timestamp="2023-10-12T17:14:55 IST" skipped="0">
  <testcase classname="testng.Copypaste" name="test1" time="4.543"/>
  <system-out/>
</testsuite> <!-- testng.Copypaste -->
