<?xml version="1.0" encoding="UTF-8"?>
<!-- Generated by org.testng.reporters.JUnitReportReporter -->
<testsuite hostname="DESKTOP-OOIC766" failures="0" tests="1" name="testng.Googlesearchxml" time="4.215" errors="0" timestamp="2023-10-15T17:02:57 IST" skipped="0">
  <testcase classname="testng.Googlesearchxml" name="test1" time="4.215"/>
  <system-out/>
</testsuite> <!-- testng.Googlesearchxml -->
