<?xml version="1.0" encoding="UTF-8"?>
<!-- Generated by org.testng.reporters.JUnitReportReporter -->
<testsuite hostname="DESKTOP-OOIC766" failures="0" tests="1" name="testng.Dragdroppgm" time="6.287" errors="0" timestamp="2023-10-12T19:01:51 IST" skipped="0">
  <testcase classname="testng.Dragdroppgm" name="test1" time="6.287"/>
  <system-out/>
</testsuite> <!-- testng.Dragdroppgm -->
