<?xml version="1.0" encoding="UTF-8"?>
<!-- Generated by org.testng.reporters.JUnitReportReporter -->
<testsuite hostname="DESKTOP-OOIC766" failures="0" tests="5" name="testng.TestNGDemo" time="0.034" errors="0" timestamp="2023-10-11T16:10:50 IST" skipped="0">
  <testcase classname="testng.TestNGDemo" name="test2" time="0.003"/>
  <system-out/>
  <testcase classname="testng.TestNGDemo" name="titleverification" time="0.004"/>
  <system-out/>
  <testcase classname="testng.TestNGDemo" name="test1" time="0.014"/>
  <system-out/>
  <testcase classname="testng.TestNGDemo" name="Logodisplay" time="0.004"/>
  <system-out/>
  <testcase classname="testng.TestNGDemo" name="pagesrcverification" time="0.009"/>
  <system-out/>
</testsuite> <!-- testng.TestNGDemo -->
