<?xml version="1.0" encoding="UTF-8"?>
<!-- Generated by org.testng.reporters.JUnitReportReporter -->
<testsuite hostname="DESKTOP-OOIC766" failures="0" tests="1" name="testng.Datepickermariners" time="2.901" errors="0" timestamp="2023-11-16T14:35:21 IST" skipped="0">
  <testcase classname="testng.Datepickermariners" name="test1" time="2.901"/>
  <system-out/>
</testsuite> <!-- testng.Datepickermariners -->
