<?xml version="1.0" encoding="UTF-8"?>
<!-- Generated by org.testng.reporters.JUnitReportReporter -->
<testsuite hostname="DESKTOP-OOIC766" failures="0" tests="1" name="testng.Amznnotfctn" time="16.616" errors="0" timestamp="2023-11-06T17:02:29 IST" skipped="0">
  <testcase classname="testng.Amznnotfctn" name="amazon" time="16.616"/>
  <system-out/>
</testsuite> <!-- testng.Amznnotfctn -->
