<?xml version="1.0" encoding="UTF-8"?>
<!-- Generated by org.testng.reporters.JUnitReportReporter -->
<testsuite hostname="DESKTOP-OOIC766" failures="0" tests="1" name="testng.Parameterisation" time="0.012" errors="0" timestamp="2023-10-11T17:23:49 IST" skipped="0">
  <testcase classname="testng.Parameterisation" name="titleverification" time="0.012"/>
  <system-out/>
</testsuite> <!-- testng.Parameterisation -->
