<?xml version="1.0" encoding="UTF-8"?>
<!-- Generated by org.testng.reporters.JUnitReportReporter -->
<testsuite hostname="DESKTOP-OOIC766" failures="0" tests="1" name="testng.Windwhndlrpgm" time="9.356" errors="0" timestamp="2023-10-17T18:12:15 IST" skipped="0">
  <testcase classname="testng.Windwhndlrpgm" name="hndlr" time="9.356"/>
  <system-out/>
</testsuite> <!-- testng.Windwhndlrpgm -->
