<?xml version="1.0" encoding="UTF-8"?>
<!-- Generated by org.testng.reporters.JUnitReportReporter -->
<testsuite hostname="DESKTOP-OOIC766" failures="0" tests="1" name="test.Fbcreatepagetest" time="4.020" errors="0" timestamp="2023-12-01T02:57:51 IST" skipped="0">
  <testcase classname="test.Fbcreatepagetest" name="createpage" time="4.020"/>
  <system-out/>
</testsuite> <!-- test.Fbcreatepagetest -->
