<?xml version="1.0" encoding="UTF-8"?>
<!-- Generated by org.testng.reporters.JUnitReportReporter -->
<testsuite hostname="DESKTOP-OOIC766" failures="0" tests="1" name="testng.Fbpgm" time="1.818" errors="0" timestamp="2023-10-12T16:35:18 IST" skipped="0">
  <testcase classname="testng.Fbpgm" name="test1" time="1.818"/>
  <system-out/>
</testsuite> <!-- testng.Fbpgm -->
