<?xml version="1.0" encoding="UTF-8"?>
<!-- Generated by org.testng.reporters.JUnitReportReporter -->
<testsuite hostname="DESKTOP-OOIC766" failures="0" tests="1" name="testng.Datadriventest" time="5.937" errors="0" timestamp="2023-10-16T20:41:29 IST" skipped="0">
  <testcase classname="testng.Datadriventest" name="datadriven" time="5.937"/>
  <system-out/>
</testsuite> <!-- testng.Datadriventest -->
