<?xml version="1.0" encoding="UTF-8"?>
<!-- Generated by org.testng.reporters.JUnitReportReporter -->
<testsuite hostname="DESKTOP-OOIC766" failures="0" tests="3" name="testng.Crossbrwsrpgm" time="5.711" errors="0" timestamp="2023-10-12T19:29:55 IST" skipped="0">
  <testcase classname="testng.Crossbrwsrpgm" name="test1" time="1.902"/>
  <system-out/>
  <testcase classname="testng.Crossbrwsrpgm" name="test1" time="2.274"/>
  <system-out/>
  <testcase classname="testng.Crossbrwsrpgm" name="test1" time="1.535"/>
  <system-out/>
</testsuite> <!-- testng.Crossbrwsrpgm -->
